<?xml version="1.0" encoding="UTF-8"?>
<testsuites name="New Test Suite" time="12.057" tests="1" failures="0" errors="0">
   <testsuite name="New Test Suite" tests="1" failures="0" errors="0" time="12.057" skipped="0" timestamp="09-12-2024T14:14:18" hostname="developer - DESKTOP-G6QL9R5" id="Test Suites/New Test Suite">
      <properties>
         <property name="deviceName" value=""/>
         <property name="devicePlatform"/>
         <property name="logFolder" value="C:\\Users\\user\\git\\DDMS\\Reports\\20241209_141413\\New Test Suite\\20241209_141413"/>
         <property name="logFiles" value="C:\\Users\\user\\git\\DDMS\\Reports\\20241209_141413\\New Test Suite\\20241209_141413\\execution0.log"/>
         <property name="attachments" value=""/>
         <property name="hostName" value="developer - DESKTOP-G6QL9R5"/>
         <property name="os" value="Windows 11 64bit"/>
         <property name="katalonVersion" value="10.0.0.223"/>
         <property name="browser" value="Chrome 131.0.0.0"/>
         <property name="hostAddress" value="10.3.4.139"/>
         <property name="sessionId" value="fe1f57299dd3c017159456704f78c004"/>
         <property name="seleniumVersion" value="4.22.0"/>
         <property name="proxyInformation" value="ProxyInformation { proxyOption=NO_PROXY, proxyServerType=HTTP, username=, password=********, proxyServerAddress=, proxyServerPort=0, executionList=&quot;&quot;, isApplyToDesiredCapabilities=true }"/>
         <property name="platform" value="Windows 11"/>
      </properties>
      <testcase name="Test Cases/H2/Login/Login - Valid Credential" time="11.704" classname="Test Cases/H2/Login/Login - Valid Credential" status="PASSED">
         <system-out><![CDATA[09-12-2024T14:14:18 - [TEST_CASE][PASSED] - Test Cases/H2/Login/Login - Valid Credential: Test Cases/H2/Login/Login - Valid Credential

09-12-2024T14:14:18 - [TEST_STEP][PASSED] - Start listener action : sampleBeforeTestCase: null

09-12-2024T14:14:18 - [TEST_STEP][PASSED] - println(testCaseContext.getTestCaseId()): null

09-12-2024T14:14:18 - [TEST_STEP][PASSED] - println(testCaseContext.getTestCaseVariables()): null

09-12-2024T14:14:18 - [TEST_STEP][PASSED] - openBrowser(""): Browser is opened with url: ''

09-12-2024T14:14:19 - [MESSAGE][INFO] - Starting 'Chrome' driver

09-12-2024T14:14:19 - [MESSAGE][INFO] - Action delay is set to 0 milliseconds

09-12-2024T14:14:21 - [MESSAGE][PASSED] - Browser is opened with url: ''

09-12-2024T14:14:21 - [TEST_STEP][PASSED] - maximizeWindow(): Current window maximized

09-12-2024T14:14:21 - [MESSAGE][PASSED] - Current window maximized

09-12-2024T14:14:21 - [TEST_STEP][PASSED] - navigateToUrl(URL_H2): Navigate to 'https://web-h2-uat-b.eksad.com/ddms/login.zul' successfully

09-12-2024T14:14:23 - [MESSAGE][PASSED] - Navigate to 'https://web-h2-uat-b.eksad.com/ddms/login.zul' successfully

09-12-2024T14:14:23 - [TEST_STEP][PASSED] - verifyElementPresent(findTestObject("H2/Login/label_Sign in - DDMS"), 10): Object 'Object Repository/H2/Login/label_Sign in - DDMS' is present

09-12-2024T14:14:23 - [MESSAGE][PASSED] - Object 'Object Repository/H2/Login/label_Sign in - DDMS' is present

09-12-2024T14:14:23 - [TEST_STEP][PASSED] - setText(findTestObject("Object Repository/H2/Login/input_Sign in - DDMS_username"), Username): Text 'DAW001' is set on object 'Object Repository/H2/Login/input_Sign in - DDMS_username'

09-12-2024T14:14:24 - [MESSAGE][PASSED] - Text 'DAW001' is set on object 'Object Repository/H2/Login/input_Sign in - DDMS_username'

09-12-2024T14:14:24 - [TEST_STEP][PASSED] - setText(findTestObject("Object Repository/H2/Login/input_Sign in - DDMS_password"), Password): Text 'admin' is set on object 'Object Repository/H2/Login/input_Sign in - DDMS_password'

09-12-2024T14:14:25 - [MESSAGE][PASSED] - Text 'admin' is set on object 'Object Repository/H2/Login/input_Sign in - DDMS_password'

09-12-2024T14:14:25 - [TEST_STEP][PASSED] - click(findTestObject("Object Repository/H2/Login/button_Sign in")): Object: 'Object Repository/H2/Login/button_Sign in' is clicked on

09-12-2024T14:14:25 - [MESSAGE][PASSED] - Object: 'Object Repository/H2/Login/button_Sign in' is clicked on

09-12-2024T14:14:25 - [TEST_STEP][PASSED] - verifyElementPresent(findTestObject("H2/Login/label_Lokasi Service"), 10): Object 'Object Repository/H2/Login/label_Lokasi Service' is present

09-12-2024T14:14:26 - [MESSAGE][PASSED] - Object 'Object Repository/H2/Login/label_Lokasi Service' is present

09-12-2024T14:14:26 - [TEST_STEP][PASSED] - selectOptionByValue(findTestObject("Object Repository/H2/Login/select_Pilih Lokasi Service"), Lokasi, true): All options with value 'Ahass Induk' are selected in object 'Object Repository/H2/Login/select_Pilih Lokasi Service'  using regular expression

09-12-2024T14:14:27 - [MESSAGE][PASSED] - All options with value 'Ahass Induk' are selected in object 'Object Repository/H2/Login/select_Pilih Lokasi Service'  using regular expression

09-12-2024T14:14:27 - [TEST_STEP][PASSED] - click(findTestObject("Object Repository/H2/Login/button_Confirm")): Object: 'Object Repository/H2/Login/button_Confirm' is clicked on

09-12-2024T14:14:27 - [MESSAGE][PASSED] - Object: 'Object Repository/H2/Login/button_Confirm' is clicked on

09-12-2024T14:14:27 - [TEST_STEP][PASSED] - verifyElementPresent(findTestObject("H2/Login/popup_Redirect Message"), 10): Object 'Object Repository/H2/Login/popup_Redirect Message' is present

09-12-2024T14:14:28 - [MESSAGE][PASSED] - Object 'Object Repository/H2/Login/popup_Redirect Message' is present

09-12-2024T14:14:28 - [TEST_STEP][PASSED] - click(findTestObject("Object Repository/H2/Login/button_Ya Redirect Message")): Object: 'Object Repository/H2/Login/button_Ya Redirect Message' is clicked on

09-12-2024T14:14:28 - [MESSAGE][PASSED] - Object: 'Object Repository/H2/Login/button_Ya Redirect Message' is clicked on

09-12-2024T14:14:28 - [TEST_STEP][PASSED] - verifyElementPresent(findTestObject("H2/Dashboard/label_DDMS"), 10): Object 'Object Repository/H2/Dashboard/label_DDMS' is present

09-12-2024T14:14:30 - [MESSAGE][PASSED] - Object 'Object Repository/H2/Dashboard/label_DDMS' is present

09-12-2024T14:14:30 - [TEST_STEP][PASSED] - Start listener action : sampleAfterTestCase: null

09-12-2024T14:14:30 - [TEST_STEP][PASSED] - println(testCaseContext.getTestCaseId()): null

09-12-2024T14:14:30 - [TEST_STEP][PASSED] - println(testCaseContext.getTestCaseStatus()): null]]></system-out>
         <system-err><![CDATA[]]></system-err>
      </testcase>
      <system-out><![CDATA[09-12-2024T14:14:18 - [TEST_SUITE][PASSED] - New Test Suite: Test Cases/H2/Login/Login - Valid Credential]]></system-out>
      <system-err><![CDATA[]]></system-err>
   </testsuite>
</testsuites>
